2025-02-09 02:01:52,521 - INFO - Found stations: ['ABQ', 'OKX', 'FWD', 'BTV', 'LWX', 'CAR', 'CHS', 'OUN', 'BOX', 'BUF', 'ALY', 'RNK', 'TAE', 'LZK', 'RLX', 'GYX', 'EPZ', 'MQT', 'BGM', 'HGX', 'CTP', 'MOB', 'CLE', 'PHI', 'ILM', 'PBZ']
2025-02-09 02:01:52,522 - INFO - Processing station: ABQ
2025-02-09 02:01:52,526 - WARNING - Alternative template: Timestamp extraction returned unknown_date. Using fallback: 2025-02-09 0201.
2025-02-09 02:01:52,526 - ERROR - Could not find observation table header in alternative format.
2025-02-09 02:01:52,526 - INFO - Parsing succeeded using parse_template_alternative.
2025-02-09 02:01:52,527 - INFO - Saved metadata to /Users/mattalevy/PycharmProjects/snow-plots/data/ABQ/metadata_2025-02-09_0201.csv
2025-02-09 02:01:52,528 - INFO - Saved observations to /Users/mattalevy/PycharmProjects/snow-plots/data/ABQ/observations_2025-02-09_0201.csv
2025-02-09 02:01:52,528 - INFO - Saved header metadata to /Users/mattalevy/PycharmProjects/snow-plots/data/ABQ/header_metadata_2025-02-09_0201.csv
2025-02-09 02:01:52,528 - INFO - Processing station: OKX
2025-02-09 02:01:52,530 - WARNING - Alternative template: Timestamp extraction returned unknown_date. Using fallback: 2025-02-09 0201.
2025-02-09 02:01:52,530 - ERROR - Could not find observation table header in alternative format.
2025-02-09 02:01:52,530 - INFO - Parsing succeeded using parse_template_alternative.
2025-02-09 02:01:52,530 - INFO - Saved metadata to /Users/mattalevy/PycharmProjects/snow-plots/data/OKX/metadata_2025-02-09_0201.csv
2025-02-09 02:01:52,531 - INFO - Saved observations to /Users/mattalevy/PycharmProjects/snow-plots/data/OKX/observations_2025-02-09_0201.csv
2025-02-09 02:01:52,531 - INFO - Saved header metadata to /Users/mattalevy/PycharmProjects/snow-plots/data/OKX/header_metadata_2025-02-09_0201.csv
2025-02-09 02:01:52,531 - INFO - Processing station: FWD
2025-02-09 02:01:54,187 - WARNING - Alternative template: Timestamp extraction returned unknown_date. Using fallback: 2025-02-09 0201.
2025-02-09 02:01:54,188 - ERROR - Could not find observation table header in alternative format.
2025-02-09 02:01:54,188 - INFO - Parsing succeeded using parse_template_alternative.
2025-02-09 02:01:54,188 - INFO - Saved metadata to /Users/mattalevy/PycharmProjects/snow-plots/data/FWD/metadata_2025-02-09_0201.csv
2025-02-09 02:01:54,189 - INFO - Saved observations to /Users/mattalevy/PycharmProjects/snow-plots/data/FWD/observations_2025-02-09_0201.csv
2025-02-09 02:01:54,191 - INFO - Saved header metadata to /Users/mattalevy/PycharmProjects/snow-plots/data/FWD/header_metadata_2025-02-09_0201.csv
2025-02-09 02:01:54,191 - INFO - Processing station: BTV
2025-02-09 02:01:54,197 - WARNING - Alternative template: Timestamp extraction returned unknown_date. Using fallback: 2025-02-09 0201.
2025-02-09 02:01:54,197 - ERROR - Could not find observation table header in alternative format.
2025-02-09 02:01:54,197 - INFO - Parsing succeeded using parse_template_alternative.
2025-02-09 02:01:54,197 - INFO - Saved metadata to /Users/mattalevy/PycharmProjects/snow-plots/data/BTV/metadata_2025-02-09_0201.csv
2025-02-09 02:01:54,198 - INFO - Saved observations to /Users/mattalevy/PycharmProjects/snow-plots/data/BTV/observations_2025-02-09_0201.csv
2025-02-09 02:01:54,198 - INFO - Saved header metadata to /Users/mattalevy/PycharmProjects/snow-plots/data/BTV/header_metadata_2025-02-09_0201.csv
2025-02-09 02:01:54,198 - INFO - Processing station: LWX
2025-02-09 02:01:54,205 - WARNING - Alternative template: Timestamp extraction returned unknown_date. Using fallback: 2025-02-09 0201.
2025-02-09 02:01:54,205 - ERROR - Could not find observation table header in alternative format.
2025-02-09 02:01:54,205 - INFO - Parsing succeeded using parse_template_alternative.
2025-02-09 02:01:54,205 - INFO - Saved metadata to /Users/mattalevy/PycharmProjects/snow-plots/data/LWX/metadata_2025-02-09_0201.csv
2025-02-09 02:01:54,206 - INFO - Saved observations to /Users/mattalevy/PycharmProjects/snow-plots/data/LWX/observations_2025-02-09_0201.csv
2025-02-09 02:01:54,206 - INFO - Saved header metadata to /Users/mattalevy/PycharmProjects/snow-plots/data/LWX/header_metadata_2025-02-09_0201.csv
2025-02-09 02:01:54,206 - INFO - Processing station: CAR
2025-02-09 02:01:54,209 - WARNING - Alternative template: Timestamp extraction returned unknown_date. Using fallback: 2025-02-09 0201.
2025-02-09 02:01:54,209 - ERROR - Could not find observation table header in alternative format.
2025-02-09 02:01:54,209 - INFO - Parsing succeeded using parse_template_alternative.
2025-02-09 02:01:54,210 - INFO - Saved metadata to /Users/mattalevy/PycharmProjects/snow-plots/data/CAR/metadata_2025-02-09_0201.csv
2025-02-09 02:01:54,210 - INFO - Saved observations to /Users/mattalevy/PycharmProjects/snow-plots/data/CAR/observations_2025-02-09_0201.csv
2025-02-09 02:01:54,210 - INFO - Saved header metadata to /Users/mattalevy/PycharmProjects/snow-plots/data/CAR/header_metadata_2025-02-09_0201.csv
2025-02-09 02:01:54,210 - INFO - Processing station: CHS
2025-02-09 02:01:54,211 - WARNING - Alternative template: Timestamp extraction returned unknown_date. Using fallback: 2025-02-09 0201.
2025-02-09 02:01:54,211 - ERROR - Could not find observation table header in alternative format.
2025-02-09 02:01:54,211 - INFO - Parsing succeeded using parse_template_alternative.
2025-02-09 02:01:54,211 - INFO - Saved metadata to /Users/mattalevy/PycharmProjects/snow-plots/data/CHS/metadata_2025-02-09_0201.csv
2025-02-09 02:01:54,212 - INFO - Saved observations to /Users/mattalevy/PycharmProjects/snow-plots/data/CHS/observations_2025-02-09_0201.csv
2025-02-09 02:01:54,212 - INFO - Saved header metadata to /Users/mattalevy/PycharmProjects/snow-plots/data/CHS/header_metadata_2025-02-09_0201.csv
2025-02-09 02:01:54,212 - INFO - Processing station: OUN
2025-02-09 02:01:54,347 - WARNING - Alternative template: Timestamp extraction returned unknown_date. Using fallback: 2025-02-09 0201.
2025-02-09 02:01:54,347 - ERROR - Could not find observation table header in alternative format.
2025-02-09 02:01:54,347 - INFO - Parsing succeeded using parse_template_alternative.
2025-02-09 02:01:54,347 - INFO - Saved metadata to /Users/mattalevy/PycharmProjects/snow-plots/data/OUN/metadata_2025-02-09_0201.csv
2025-02-09 02:01:54,348 - INFO - Saved observations to /Users/mattalevy/PycharmProjects/snow-plots/data/OUN/observations_2025-02-09_0201.csv
2025-02-09 02:01:54,348 - INFO - Saved header metadata to /Users/mattalevy/PycharmProjects/snow-plots/data/OUN/header_metadata_2025-02-09_0201.csv
2025-02-09 02:01:54,348 - INFO - Processing station: BOX
2025-02-09 02:01:54,399 - WARNING - Alternative template: Timestamp extraction returned unknown_date. Using fallback: 2025-02-09 0201.
2025-02-09 02:01:54,399 - ERROR - Could not find observation table header in alternative format.
2025-02-09 02:01:54,399 - INFO - Parsing succeeded using parse_template_alternative.
2025-02-09 02:01:54,400 - INFO - Saved metadata to /Users/mattalevy/PycharmProjects/snow-plots/data/BOX/metadata_2025-02-09_0201.csv
2025-02-09 02:01:54,400 - INFO - Saved observations to /Users/mattalevy/PycharmProjects/snow-plots/data/BOX/observations_2025-02-09_0201.csv
2025-02-09 02:01:54,401 - INFO - Saved header metadata to /Users/mattalevy/PycharmProjects/snow-plots/data/BOX/header_metadata_2025-02-09_0201.csv
2025-02-09 02:01:54,401 - INFO - Processing station: BUF
2025-02-09 02:01:54,404 - WARNING - Alternative template: Timestamp extraction returned unknown_date. Using fallback: 2025-02-09 0201.
2025-02-09 02:01:54,405 - ERROR - Could not find observation table header in alternative format.
2025-02-09 02:01:54,405 - INFO - Parsing succeeded using parse_template_alternative.
2025-02-09 02:01:54,405 - INFO - Saved metadata to /Users/mattalevy/PycharmProjects/snow-plots/data/BUF/metadata_2025-02-09_0201.csv
2025-02-09 02:01:54,405 - INFO - Saved observations to /Users/mattalevy/PycharmProjects/snow-plots/data/BUF/observations_2025-02-09_0201.csv
2025-02-09 02:01:54,406 - INFO - Saved header metadata to /Users/mattalevy/PycharmProjects/snow-plots/data/BUF/header_metadata_2025-02-09_0201.csv
2025-02-09 02:01:54,406 - INFO - Processing station: ALY
2025-02-09 02:01:54,412 - WARNING - Alternative template: Timestamp extraction returned unknown_date. Using fallback: 2025-02-09 0201.
2025-02-09 02:01:54,412 - ERROR - Could not find observation table header in alternative format.
2025-02-09 02:01:54,412 - INFO - Parsing succeeded using parse_template_alternative.
2025-02-09 02:01:54,412 - INFO - Saved metadata to /Users/mattalevy/PycharmProjects/snow-plots/data/ALY/metadata_2025-02-09_0201.csv
2025-02-09 02:01:54,413 - INFO - Saved observations to /Users/mattalevy/PycharmProjects/snow-plots/data/ALY/observations_2025-02-09_0201.csv
2025-02-09 02:01:54,413 - INFO - Saved header metadata to /Users/mattalevy/PycharmProjects/snow-plots/data/ALY/header_metadata_2025-02-09_0201.csv
2025-02-09 02:01:54,413 - INFO - Processing station: RNK
2025-02-09 02:01:54,546 - WARNING - Alternative template: Timestamp extraction returned unknown_date. Using fallback: 2025-02-09 0201.
2025-02-09 02:01:54,546 - ERROR - Could not find observation table header in alternative format.
2025-02-09 02:01:54,546 - INFO - Parsing succeeded using parse_template_alternative.
2025-02-09 02:01:54,546 - INFO - Saved metadata to /Users/mattalevy/PycharmProjects/snow-plots/data/RNK/metadata_2025-02-09_0201.csv
2025-02-09 02:01:54,547 - INFO - Saved observations to /Users/mattalevy/PycharmProjects/snow-plots/data/RNK/observations_2025-02-09_0201.csv
2025-02-09 02:01:54,547 - INFO - Saved header metadata to /Users/mattalevy/PycharmProjects/snow-plots/data/RNK/header_metadata_2025-02-09_0201.csv
2025-02-09 02:01:54,547 - INFO - Processing station: TAE
2025-02-09 02:01:54,594 - WARNING - Alternative template: Timestamp extraction returned unknown_date. Using fallback: 2025-02-09 0201.
2025-02-09 02:01:54,594 - ERROR - Could not find observation table header in alternative format.
2025-02-09 02:01:54,594 - INFO - Parsing succeeded using parse_template_alternative.
2025-02-09 02:01:54,594 - INFO - Saved metadata to /Users/mattalevy/PycharmProjects/snow-plots/data/TAE/metadata_2025-02-09_0201.csv
2025-02-09 02:01:54,595 - INFO - Saved observations to /Users/mattalevy/PycharmProjects/snow-plots/data/TAE/observations_2025-02-09_0201.csv
2025-02-09 02:01:54,595 - INFO - Saved header metadata to /Users/mattalevy/PycharmProjects/snow-plots/data/TAE/header_metadata_2025-02-09_0201.csv
2025-02-09 02:01:54,595 - INFO - Processing station: LZK
2025-02-09 02:01:55,049 - WARNING - Alternative template: Timestamp extraction returned unknown_date. Using fallback: 2025-02-09 0201.
2025-02-09 02:01:55,049 - ERROR - Could not find observation table header in alternative format.
2025-02-09 02:01:55,049 - INFO - Parsing succeeded using parse_template_alternative.
2025-02-09 02:01:55,050 - INFO - Saved metadata to /Users/mattalevy/PycharmProjects/snow-plots/data/LZK/metadata_2025-02-09_0201.csv
2025-02-09 02:01:55,050 - INFO - Saved observations to /Users/mattalevy/PycharmProjects/snow-plots/data/LZK/observations_2025-02-09_0201.csv
2025-02-09 02:01:55,051 - INFO - Saved header metadata to /Users/mattalevy/PycharmProjects/snow-plots/data/LZK/header_metadata_2025-02-09_0201.csv
2025-02-09 02:01:55,051 - INFO - Processing station: RLX
2025-02-09 02:01:55,051 - WARNING - Alternative template: Timestamp extraction returned unknown_date. Using fallback: 2025-02-09 0201.
2025-02-09 02:01:55,051 - ERROR - Could not find observation table header in alternative format.
2025-02-09 02:01:55,052 - INFO - Parsing succeeded using parse_template_alternative.
2025-02-09 02:01:55,052 - INFO - Saved metadata to /Users/mattalevy/PycharmProjects/snow-plots/data/RLX/metadata_2025-02-09_0201.csv
2025-02-09 02:01:55,052 - INFO - Saved observations to /Users/mattalevy/PycharmProjects/snow-plots/data/RLX/observations_2025-02-09_0201.csv
2025-02-09 02:01:55,052 - INFO - Saved header metadata to /Users/mattalevy/PycharmProjects/snow-plots/data/RLX/header_metadata_2025-02-09_0201.csv
2025-02-09 02:01:55,053 - INFO - Processing station: GYX
2025-02-09 02:01:55,329 - WARNING - Alternative template: Timestamp extraction returned unknown_date. Using fallback: 2025-02-09 0201.
2025-02-09 02:01:55,330 - ERROR - Could not find observation table header in alternative format.
2025-02-09 02:01:55,330 - INFO - Parsing succeeded using parse_template_alternative.
2025-02-09 02:01:55,331 - INFO - Saved metadata to /Users/mattalevy/PycharmProjects/snow-plots/data/GYX/metadata_2025-02-09_0201.csv
2025-02-09 02:01:55,331 - INFO - Saved observations to /Users/mattalevy/PycharmProjects/snow-plots/data/GYX/observations_2025-02-09_0201.csv
2025-02-09 02:01:55,332 - INFO - Saved header metadata to /Users/mattalevy/PycharmProjects/snow-plots/data/GYX/header_metadata_2025-02-09_0201.csv
2025-02-09 02:01:55,332 - INFO - Processing station: EPZ
2025-02-09 02:01:55,347 - WARNING - Alternative template: Timestamp extraction returned unknown_date. Using fallback: 2025-02-09 0201.
2025-02-09 02:01:55,347 - ERROR - Could not find observation table header in alternative format.
2025-02-09 02:01:55,347 - INFO - Parsing succeeded using parse_template_alternative.
2025-02-09 02:01:55,347 - INFO - Saved metadata to /Users/mattalevy/PycharmProjects/snow-plots/data/EPZ/metadata_2025-02-09_0201.csv
2025-02-09 02:01:55,347 - INFO - Saved observations to /Users/mattalevy/PycharmProjects/snow-plots/data/EPZ/observations_2025-02-09_0201.csv
2025-02-09 02:01:55,348 - INFO - Saved header metadata to /Users/mattalevy/PycharmProjects/snow-plots/data/EPZ/header_metadata_2025-02-09_0201.csv
2025-02-09 02:01:55,348 - INFO - Processing station: MQT
2025-02-09 02:01:55,352 - WARNING - Alternative template: Timestamp extraction returned unknown_date. Using fallback: 2025-02-09 0201.
2025-02-09 02:01:55,352 - ERROR - Could not find observation table header in alternative format.
2025-02-09 02:01:55,352 - INFO - Parsing succeeded using parse_template_alternative.
2025-02-09 02:01:55,353 - INFO - Saved metadata to /Users/mattalevy/PycharmProjects/snow-plots/data/MQT/metadata_2025-02-09_0201.csv
2025-02-09 02:01:55,353 - INFO - Saved observations to /Users/mattalevy/PycharmProjects/snow-plots/data/MQT/observations_2025-02-09_0201.csv
2025-02-09 02:01:55,353 - INFO - Saved header metadata to /Users/mattalevy/PycharmProjects/snow-plots/data/MQT/header_metadata_2025-02-09_0201.csv
2025-02-09 02:01:55,353 - INFO - Processing station: BGM
2025-02-09 02:01:55,354 - WARNING - Alternative template: Timestamp extraction returned unknown_date. Using fallback: 2025-02-09 0201.
2025-02-09 02:01:55,354 - ERROR - Could not find observation table header in alternative format.
2025-02-09 02:01:55,354 - INFO - Parsing succeeded using parse_template_alternative.
2025-02-09 02:01:55,354 - INFO - Saved metadata to /Users/mattalevy/PycharmProjects/snow-plots/data/BGM/metadata_2025-02-09_0201.csv
2025-02-09 02:01:55,355 - INFO - Saved observations to /Users/mattalevy/PycharmProjects/snow-plots/data/BGM/observations_2025-02-09_0201.csv
2025-02-09 02:01:55,355 - INFO - Saved header metadata to /Users/mattalevy/PycharmProjects/snow-plots/data/BGM/header_metadata_2025-02-09_0201.csv
2025-02-09 02:01:55,355 - INFO - Processing station: HGX
2025-02-09 02:01:55,410 - WARNING - Alternative template: Timestamp extraction returned unknown_date. Using fallback: 2025-02-09 0201.
2025-02-09 02:01:55,410 - ERROR - Could not find observation table header in alternative format.
2025-02-09 02:01:55,410 - INFO - Parsing succeeded using parse_template_alternative.
2025-02-09 02:01:55,411 - INFO - Saved metadata to /Users/mattalevy/PycharmProjects/snow-plots/data/HGX/metadata_2025-02-09_0201.csv
2025-02-09 02:01:55,411 - INFO - Saved observations to /Users/mattalevy/PycharmProjects/snow-plots/data/HGX/observations_2025-02-09_0201.csv
2025-02-09 02:01:55,412 - INFO - Saved header metadata to /Users/mattalevy/PycharmProjects/snow-plots/data/HGX/header_metadata_2025-02-09_0201.csv
2025-02-09 02:01:55,412 - INFO - Processing station: CTP
2025-02-09 02:01:55,414 - WARNING - Alternative template: Timestamp extraction returned unknown_date. Using fallback: 2025-02-09 0201.
2025-02-09 02:01:55,414 - ERROR - Could not find observation table header in alternative format.
2025-02-09 02:01:55,414 - INFO - Parsing succeeded using parse_template_alternative.
2025-02-09 02:01:55,414 - INFO - Saved metadata to /Users/mattalevy/PycharmProjects/snow-plots/data/CTP/metadata_2025-02-09_0201.csv
2025-02-09 02:01:55,414 - INFO - Saved observations to /Users/mattalevy/PycharmProjects/snow-plots/data/CTP/observations_2025-02-09_0201.csv
2025-02-09 02:01:55,415 - INFO - Saved header metadata to /Users/mattalevy/PycharmProjects/snow-plots/data/CTP/header_metadata_2025-02-09_0201.csv
2025-02-09 02:01:55,415 - INFO - Processing station: MOB
2025-02-09 02:01:55,668 - WARNING - Alternative template: Timestamp extraction returned unknown_date. Using fallback: 2025-02-09 0201.
2025-02-09 02:01:55,668 - ERROR - Could not find observation table header in alternative format.
2025-02-09 02:01:55,668 - INFO - Parsing succeeded using parse_template_alternative.
2025-02-09 02:01:55,668 - INFO - Saved metadata to /Users/mattalevy/PycharmProjects/snow-plots/data/MOB/metadata_2025-02-09_0201.csv
2025-02-09 02:01:55,668 - INFO - Saved observations to /Users/mattalevy/PycharmProjects/snow-plots/data/MOB/observations_2025-02-09_0201.csv
2025-02-09 02:01:55,669 - INFO - Saved header metadata to /Users/mattalevy/PycharmProjects/snow-plots/data/MOB/header_metadata_2025-02-09_0201.csv
2025-02-09 02:01:55,669 - INFO - Processing station: CLE
2025-02-09 02:01:55,670 - WARNING - Alternative template: Timestamp extraction returned unknown_date. Using fallback: 2025-02-09 0201.
2025-02-09 02:01:55,670 - ERROR - Could not find observation table header in alternative format.
2025-02-09 02:01:55,670 - INFO - Parsing succeeded using parse_template_alternative.
2025-02-09 02:01:55,670 - INFO - Saved metadata to /Users/mattalevy/PycharmProjects/snow-plots/data/CLE/metadata_2025-02-09_0201.csv
2025-02-09 02:01:55,670 - INFO - Saved observations to /Users/mattalevy/PycharmProjects/snow-plots/data/CLE/observations_2025-02-09_0201.csv
2025-02-09 02:01:55,671 - INFO - Saved header metadata to /Users/mattalevy/PycharmProjects/snow-plots/data/CLE/header_metadata_2025-02-09_0201.csv
2025-02-09 02:01:55,671 - INFO - Processing station: PHI
2025-02-09 02:01:55,678 - WARNING - Alternative template: Timestamp extraction returned unknown_date. Using fallback: 2025-02-09 0201.
2025-02-09 02:01:55,678 - ERROR - Could not find observation table header in alternative format.
2025-02-09 02:01:55,678 - INFO - Parsing succeeded using parse_template_alternative.
2025-02-09 02:01:55,678 - INFO - Saved metadata to /Users/mattalevy/PycharmProjects/snow-plots/data/PHI/metadata_2025-02-09_0201.csv
2025-02-09 02:01:55,678 - INFO - Saved observations to /Users/mattalevy/PycharmProjects/snow-plots/data/PHI/observations_2025-02-09_0201.csv
2025-02-09 02:01:55,679 - INFO - Saved header metadata to /Users/mattalevy/PycharmProjects/snow-plots/data/PHI/header_metadata_2025-02-09_0201.csv
2025-02-09 02:01:55,679 - INFO - Processing station: ILM
2025-02-09 02:01:55,751 - WARNING - Alternative template: Timestamp extraction returned unknown_date. Using fallback: 2025-02-09 0201.
2025-02-09 02:01:55,751 - ERROR - Could not find observation table header in alternative format.
2025-02-09 02:01:55,751 - INFO - Parsing succeeded using parse_template_alternative.
2025-02-09 02:01:55,751 - INFO - Saved metadata to /Users/mattalevy/PycharmProjects/snow-plots/data/ILM/metadata_2025-02-09_0201.csv
2025-02-09 02:01:55,752 - INFO - Saved observations to /Users/mattalevy/PycharmProjects/snow-plots/data/ILM/observations_2025-02-09_0201.csv
2025-02-09 02:01:55,752 - INFO - Saved header metadata to /Users/mattalevy/PycharmProjects/snow-plots/data/ILM/header_metadata_2025-02-09_0201.csv
2025-02-09 02:01:55,752 - INFO - Processing station: PBZ
2025-02-09 02:01:55,822 - WARNING - Alternative template: Timestamp extraction returned unknown_date. Using fallback: 2025-02-09 0201.
2025-02-09 02:01:55,822 - ERROR - Could not find observation table header in alternative format.
2025-02-09 02:01:55,822 - INFO - Parsing succeeded using parse_template_alternative.
2025-02-09 02:01:55,823 - INFO - Saved metadata to /Users/mattalevy/PycharmProjects/snow-plots/data/PBZ/metadata_2025-02-09_0201.csv
2025-02-09 02:01:55,823 - INFO - Saved observations to /Users/mattalevy/PycharmProjects/snow-plots/data/PBZ/observations_2025-02-09_0201.csv
2025-02-09 02:01:55,823 - INFO - Saved header metadata to /Users/mattalevy/PycharmProjects/snow-plots/data/PBZ/header_metadata_2025-02-09_0201.csv
